2019-03-16 23:58:44,280 - sLogger - DEBUG - This is a debug message
2019-03-16 23:58:44,280 - sLogger - WARNING - This is a debug message
2019-03-16 23:58:44,280 - sLogger - DEBUG - debug message
2019-03-16 23:58:44,280 - sLogger - INFO - info message
2019-03-16 23:58:44,280 - sLogger - ERROR - error message
2019-03-16 23:58:44,280 - sLogger - CRITICAL - critical message
2019-03-17 00:00:04,461 - sLogger - DEBUG - This is a debug message
2019-03-17 00:00:04,461 - sLogger - WARNING - This is a debug message
2019-03-17 00:00:04,461 - sLogger - DEBUG - debug message
2019-03-17 00:00:04,461 - sLogger - INFO - info message
2019-03-17 00:00:04,462 - sLogger - ERROR - error message
2019-03-17 00:00:04,462 - sLogger - CRITICAL - critical message
2019-03-17 00:00:45,268 - sLogger - DEBUG - This is a debug message
2019-03-17 00:00:45,268 - sLogger - WARNING - This is a debug message
2019-03-17 00:00:45,268 - sLogger - DEBUG - debug message
2019-03-17 00:00:45,269 - sLogger - INFO - info message
2019-03-17 00:00:45,269 - sLogger - ERROR - error message
2019-03-17 00:00:45,269 - sLogger - CRITICAL - critical message
2019-03-17 00:00:45,269 - sLogger - ERROR - Exception occurred
Traceback (most recent call last):
  File "C:/Users/yuntliu/Documents/workstation/Study/python/flask/demo/SwaggerExample/SwaggerExample/LoggerExample/configLogger.py", line 27, in <module>
    c = a / b
ZeroDivisionError: division by zero
2019-03-17 00:00:45,270 - sLogger - ERROR - Exception occurred
Traceback (most recent call last):
  File "C:/Users/yuntliu/Documents/workstation/Study/python/flask/demo/SwaggerExample/SwaggerExample/LoggerExample/configLogger.py", line 34, in <module>
    c = a / b
ZeroDivisionError: division by zero
2019-03-17 00:00:55,248 - sLogger - DEBUG - This is a debug message
2019-03-17 00:00:55,248 - sLogger - WARNING - This is a debug message
2019-03-17 00:00:55,248 - sLogger - DEBUG - debug message
2019-03-17 00:00:55,248 - sLogger - INFO - info message
2019-03-17 00:00:55,248 - sLogger - ERROR - error message
2019-03-17 00:00:55,248 - sLogger - CRITICAL - critical message
2019-03-17 00:00:55,248 - sLogger - ERROR - Exception occurred
Traceback (most recent call last):
  File "C:/Users/yuntliu/Documents/workstation/Study/python/flask/demo/SwaggerExample/SwaggerExample/LoggerExample/configLogger.py", line 27, in <module>
    c = a / b
ZeroDivisionError: division by zero
2019-03-17 00:00:55,249 - sLogger - ERROR - Exception occurred
Traceback (most recent call last):
  File "C:/Users/yuntliu/Documents/workstation/Study/python/flask/demo/SwaggerExample/SwaggerExample/LoggerExample/configLogger.py", line 34, in <module>
    c = a / b
ZeroDivisionError: division by zero
